<?xml version="1.0" encoding="UTF-8"?>
<testsuite xmlns:xsi="http://www.w3.org/2001/XMLSchema-instance" xsi:noNamespaceSchemaLocation="https://maven.apache.org/surefire/maven-surefire-plugin/xsd/surefire-test-report-3.0.xsd" version="3.0" name="com.sarthak.runner.TestRunner" time="7.823" tests="8" errors="0" skipped="0" failures="0">
  <properties>
[...]
</properties>
  <testcase name="TC01 - Verify user can login with valid credentials" classname="E-Commerce API - CRUD Operations" time="2.525">
    <system-out><![CDATA[
@ECommerceAPI @Regression @Login @TC01
Scenario: TC01 - Verify user can login with valid credentials                                    # src/test/resources/features/EcommerceAPI.feature:14
  ✔ Given I have a valid login request payload                                                   # com.sarthak.stepdefinitions.EcommerceAPISteps.i_have_a_valid_login_request_payload()
/api/ecom/auth/login
  ✔ When I send a "POST" request to endpoint with "LoginAPI"                                     # com.sarthak.stepdefinitions.EcommerceAPISteps.i_send_a_request_to_endpoint_with(java.lang.String,java.lang.String)
  ✔ Then the "loginResponse" response status code should be 200                                  # com.sarthak.stepdefinitions.EcommerceAPISteps.the_response_status_code_should_be(java.lang.String,java.lang.Integer)
  ✔ And the "loginResponse" response body should contain a valid "token"                         # com.sarthak.stepdefinitions.EcommerceAPISteps.the_response_body_should_contain_a_valid(java.lang.String,java.lang.String)
  ✔ And the "loginResponse" response body should contain a valid "userId"                        # com.sarthak.stepdefinitions.EcommerceAPISteps.the_response_body_should_contain_a_valid(java.lang.String,java.lang.String)
  ✔ And the "loginResponse" response body should contain "message" as "ecomm.login.response.msg" # com.sarthak.stepdefinitions.EcommerceAPISteps.the_response_body_should_contain_as(java.lang.String,java.lang.String,java.lang.String)
]]></system-out>
  </testcase>
  <testcase name="TC02 - Verify user can add a product with valid payload" classname="E-Commerce API - CRUD Operations" time="0.661">
    <system-out><![CDATA[
@ECommerceAPI @Regression @AddProduct @TC02
Scenario: TC02 - Verify user can add a product with valid payload                                          # src/test/resources/features/EcommerceAPI.feature:26
  ✔ Given I have a valid login request payload                                                             # com.sarthak.stepdefinitions.EcommerceAPISteps.i_have_a_valid_login_request_payload()
/api/ecom/auth/login
  ✔ When I send a "POST" request to endpoint with "LoginAPI"                                               # com.sarthak.stepdefinitions.EcommerceAPISteps.i_send_a_request_to_endpoint_with(java.lang.String,java.lang.String)
  ✔ And I store the "token" from the "loginResponse" response                                              # com.sarthak.stepdefinitions.EcommerceAPISteps.i_store_the_from_the_response(java.lang.String,java.lang.String)
  ✔ And I store the "userId" from the "loginResponse" response                                             # com.sarthak.stepdefinitions.EcommerceAPISteps.i_store_the_from_the_response(java.lang.String,java.lang.String)
  ✔ Given I have a valid add product request payload                                                       # com.sarthak.stepdefinitions.EcommerceAPISteps.i_have_a_valid_add_product_request_payload()
/api/ecom/product/add-product
  ✔ When I send a "POST" request to endpoint with "AddProductAPI"                                          # com.sarthak.stepdefinitions.EcommerceAPISteps.i_send_a_request_to_endpoint_with(java.lang.String,java.lang.String)
  ✔ And I store the "productId" from the "addProductResponse" response                                     # com.sarthak.stepdefinitions.EcommerceAPISteps.i_store_the_from_the_response(java.lang.String,java.lang.String)
  ✔ Then the "addProductResponse" response status code should be 201                                       # com.sarthak.stepdefinitions.EcommerceAPISteps.the_response_status_code_should_be(java.lang.String,java.lang.Integer)
  ✔ And the "addProductResponse" response body should contain a valid "productId"                          # com.sarthak.stepdefinitions.EcommerceAPISteps.the_response_body_should_contain_a_valid(java.lang.String,java.lang.String)
  ✔ And the "addProductResponse" response body should contain "message" as "ecomm.addProduct.response.msg" # com.sarthak.stepdefinitions.EcommerceAPISteps.the_response_body_should_contain_as(java.lang.String,java.lang.String,java.lang.String)
Running cleanup after: TC02 - Verify user can add a product with valid payload
/api/ecom/product/delete-product/{productId}
]]></system-out>
  </testcase>
  <testcase name="TC03 - Verify product is persisted correctly after adding" classname="E-Commerce API - CRUD Operations" time="0.636">
    <system-out><![CDATA[
@ECommerceAPI @Regression @GetProduct @TC03
Scenario: TC03 - Verify product is persisted correctly after adding                                                    # src/test/resources/features/EcommerceAPI.feature:42
  ✔ Given I have a valid login request payload                                                                         # com.sarthak.stepdefinitions.EcommerceAPISteps.i_have_a_valid_login_request_payload()
/api/ecom/auth/login
  ✔ When I send a "POST" request to endpoint with "LoginAPI"                                                           # com.sarthak.stepdefinitions.EcommerceAPISteps.i_send_a_request_to_endpoint_with(java.lang.String,java.lang.String)
  ✔ And I store the "token" from the "loginResponse" response                                                          # com.sarthak.stepdefinitions.EcommerceAPISteps.i_store_the_from_the_response(java.lang.String,java.lang.String)
  ✔ Given I have a valid add product request payload                                                                   # com.sarthak.stepdefinitions.EcommerceAPISteps.i_have_a_valid_add_product_request_payload()
/api/ecom/product/add-product
  ✔ When I send a "POST" request to endpoint with "AddProductAPI"                                                      # com.sarthak.stepdefinitions.EcommerceAPISteps.i_send_a_request_to_endpoint_with(java.lang.String,java.lang.String)
  ✔ And I store the "productId" from the "addProductResponse" response                                                 # com.sarthak.stepdefinitions.EcommerceAPISteps.i_store_the_from_the_response(java.lang.String,java.lang.String)
  ✔ Given I have a valid get product detail request payload                                                            # com.sarthak.stepdefinitions.EcommerceAPISteps.i_have_a_valid_get_product_detail_request_payload()
/api/ecom/product/get-product-detail/{productId}
  ✔ When I send a "GET" request to endpoint with "GetProductDetailAPI"                                                 # com.sarthak.stepdefinitions.EcommerceAPISteps.i_send_a_request_to_endpoint_with(java.lang.String,java.lang.String)
  ✔ Then the "getProductDetailResponse" response status code should be 200                                             # com.sarthak.stepdefinitions.EcommerceAPISteps.the_response_status_code_should_be(java.lang.String,java.lang.Integer)
  ✔ And the "getProductDetailResponse" response body should contain "message" as "ecomm.getProductDetail.response.msg" # com.sarthak.stepdefinitions.EcommerceAPISteps.the_response_body_should_contain_as(java.lang.String,java.lang.String,java.lang.String)
Running cleanup after: TC03 - Verify product is persisted correctly after adding
/api/ecom/product/delete-product/{productId}
]]></system-out>
  </testcase>
  <testcase name="TC04 - Verify user can add product to cart" classname="E-Commerce API - CRUD Operations" time="0.787">
    <system-out><![CDATA[
@ECommerceAPI @Regression @AddToCart @TC04
Scenario: TC04 - Verify user can add product to cart                                                     # src/test/resources/features/EcommerceAPI.feature:58
  ✔ Given I have a valid login request payload                                                           # com.sarthak.stepdefinitions.EcommerceAPISteps.i_have_a_valid_login_request_payload()
/api/ecom/auth/login
  ✔ When I send a "POST" request to endpoint with "LoginAPI"                                             # com.sarthak.stepdefinitions.EcommerceAPISteps.i_send_a_request_to_endpoint_with(java.lang.String,java.lang.String)
  ✔ And I store the "token" from the "loginResponse" response                                            # com.sarthak.stepdefinitions.EcommerceAPISteps.i_store_the_from_the_response(java.lang.String,java.lang.String)
  ✔ Given I have a valid add product request payload                                                     # com.sarthak.stepdefinitions.EcommerceAPISteps.i_have_a_valid_add_product_request_payload()
/api/ecom/product/add-product
  ✔ When I send a "POST" request to endpoint with "AddProductAPI"                                        # com.sarthak.stepdefinitions.EcommerceAPISteps.i_send_a_request_to_endpoint_with(java.lang.String,java.lang.String)
  ✔ And I store the "productId" from the "addProductResponse" response                                   # com.sarthak.stepdefinitions.EcommerceAPISteps.i_store_the_from_the_response(java.lang.String,java.lang.String)
  ✔ Given I have a valid get product detail request payload                                              # com.sarthak.stepdefinitions.EcommerceAPISteps.i_have_a_valid_get_product_detail_request_payload()
/api/ecom/product/get-product-detail/{productId}
  ✔ When I send a "GET" request to endpoint with "GetProductDetailAPI"                                   # com.sarthak.stepdefinitions.EcommerceAPISteps.i_send_a_request_to_endpoint_with(java.lang.String,java.lang.String)
  ✔ Then the "getProductDetailResponse" response status code should be 200                               # com.sarthak.stepdefinitions.EcommerceAPISteps.the_response_status_code_should_be(java.lang.String,java.lang.Integer)
  ✔ And I store the "data.productImage" from the "getProductDetailResponse" response                     # com.sarthak.stepdefinitions.EcommerceAPISteps.i_store_the_from_the_response(java.lang.String,java.lang.String)
  ✔ Given I have a valid add to cart request payload                                                     # com.sarthak.stepdefinitions.EcommerceAPISteps.i_have_a_valid_add_to_cart_request_payload()
/api/ecom/user/add-to-cart
  ✔ When I send a "POST" request to endpoint with "AddToCartAPI"                                         # com.sarthak.stepdefinitions.EcommerceAPISteps.i_send_a_request_to_endpoint_with(java.lang.String,java.lang.String)
  ✔ Then the "addToCartResponse" response status code should be 200                                      # com.sarthak.stepdefinitions.EcommerceAPISteps.the_response_status_code_should_be(java.lang.String,java.lang.Integer)
  ✔ And the "addToCartResponse" response body should contain "message" as "ecomm.addToCart.response.msg" # com.sarthak.stepdefinitions.EcommerceAPISteps.the_response_body_should_contain_as(java.lang.String,java.lang.String,java.lang.String)
Running cleanup after: TC04 - Verify user can add product to cart
/api/ecom/product/delete-product/{productId}
]]></system-out>
  </testcase>
  <testcase name="TC05 - Verify user can create an order successfully" classname="E-Commerce API - CRUD Operations" time="0.688">
    <system-out><![CDATA[
@ECommerceAPI @Regression @CreateOrder @TC05
Scenario: TC05 - Verify user can create an order successfully                                             # src/test/resources/features/EcommerceAPI.feature:78
  ✔ Given I have a valid login request payload                                                            # com.sarthak.stepdefinitions.EcommerceAPISteps.i_have_a_valid_login_request_payload()
/api/ecom/auth/login
  ✔ When I send a "POST" request to endpoint with "LoginAPI"                                              # com.sarthak.stepdefinitions.EcommerceAPISteps.i_send_a_request_to_endpoint_with(java.lang.String,java.lang.String)
  ✔ And I store the "token" from the "loginResponse" response                                             # com.sarthak.stepdefinitions.EcommerceAPISteps.i_store_the_from_the_response(java.lang.String,java.lang.String)
  ✔ Given I have a valid add product request payload                                                      # com.sarthak.stepdefinitions.EcommerceAPISteps.i_have_a_valid_add_product_request_payload()
/api/ecom/product/add-product
  ✔ When I send a "POST" request to endpoint with "AddProductAPI"                                         # com.sarthak.stepdefinitions.EcommerceAPISteps.i_send_a_request_to_endpoint_with(java.lang.String,java.lang.String)
  ✔ And I store the "productId" from the "addProductResponse" response                                    # com.sarthak.stepdefinitions.EcommerceAPISteps.i_store_the_from_the_response(java.lang.String,java.lang.String)
  ✔ Given I have a valid create order request payload                                                     # com.sarthak.stepdefinitions.EcommerceAPISteps.i_have_a_valid_create_order_request_payload()
/api/ecom/order/create-order
  ✔ When I send a "POST" request to endpoint with "CreateOrderAPI"                                        # com.sarthak.stepdefinitions.EcommerceAPISteps.i_send_a_request_to_endpoint_with(java.lang.String,java.lang.String)
  ✔ Then the "createOrderResponse" response status code should be 201                                     # com.sarthak.stepdefinitions.EcommerceAPISteps.the_response_status_code_should_be(java.lang.String,java.lang.Integer)
  ✔ And the "createOrderResponse" response body should contain a valid "orders"                           # com.sarthak.stepdefinitions.EcommerceAPISteps.the_response_body_should_contain_a_valid(java.lang.String,java.lang.String)
  ✔ And the "createOrderResponse" response body should contain "message" as "ecomm.create.order.response" # com.sarthak.stepdefinitions.EcommerceAPISteps.the_response_body_should_contain_as(java.lang.String,java.lang.String,java.lang.String)
  ✔ And the "createOrderResponse" response body should contain "productOrderId[0]" as "productId"         # com.sarthak.stepdefinitions.EcommerceAPISteps.the_response_body_should_contain_as(java.lang.String,java.lang.String,java.lang.String)
Running cleanup after: TC05 - Verify user can create an order successfully
/api/ecom/product/delete-product/{productId}
]]></system-out>
  </testcase>
  <testcase name="TC06 - Verify order is persisted correctly after creation" classname="E-Commerce API - CRUD Operations" time="0.752">
    <system-out><![CDATA[
@ECommerceAPI @Regression @GetOrder @TC06
Scenario: TC06 - Verify order is persisted correctly after creation                                     # src/test/resources/features/EcommerceAPI.feature:96
  ✔ Given I have a valid login request payload                                                          # com.sarthak.stepdefinitions.EcommerceAPISteps.i_have_a_valid_login_request_payload()
/api/ecom/auth/login
  ✔ When I send a "POST" request to endpoint with "LoginAPI"                                            # com.sarthak.stepdefinitions.EcommerceAPISteps.i_send_a_request_to_endpoint_with(java.lang.String,java.lang.String)
  ✔ And I store the "token" from the "loginResponse" response                                           # com.sarthak.stepdefinitions.EcommerceAPISteps.i_store_the_from_the_response(java.lang.String,java.lang.String)
  ✔ Given I have a valid add product request payload                                                    # com.sarthak.stepdefinitions.EcommerceAPISteps.i_have_a_valid_add_product_request_payload()
/api/ecom/product/add-product
  ✔ When I send a "POST" request to endpoint with "AddProductAPI"                                       # com.sarthak.stepdefinitions.EcommerceAPISteps.i_send_a_request_to_endpoint_with(java.lang.String,java.lang.String)
  ✔ And I store the "productId" from the "addProductResponse" response                                  # com.sarthak.stepdefinitions.EcommerceAPISteps.i_store_the_from_the_response(java.lang.String,java.lang.String)
  ✔ Given I have a valid create order request payload                                                   # com.sarthak.stepdefinitions.EcommerceAPISteps.i_have_a_valid_create_order_request_payload()
/api/ecom/order/create-order
  ✔ When I send a "POST" request to endpoint with "CreateOrderAPI"                                      # com.sarthak.stepdefinitions.EcommerceAPISteps.i_send_a_request_to_endpoint_with(java.lang.String,java.lang.String)
  ✔ Then the "createOrderResponse" response status code should be 201                                   # com.sarthak.stepdefinitions.EcommerceAPISteps.the_response_status_code_should_be(java.lang.String,java.lang.Integer)
  ✔ And I store the "orders[0]" from the "createOrderResponse" response                                 # com.sarthak.stepdefinitions.EcommerceAPISteps.i_store_the_from_the_response(java.lang.String,java.lang.String)
  ✔ Given I have a valid get order request                                                              # com.sarthak.stepdefinitions.EcommerceAPISteps.i_have_a_valid_get_order_request()
/api/ecom/order/get-orders-details
  ✔ When I send a "GET" request to endpoint with "GetOrderAPI"                                          # com.sarthak.stepdefinitions.EcommerceAPISteps.i_send_a_request_to_endpoint_with(java.lang.String,java.lang.String)
  ✔ Then the "getOrderResponse" response status code should be 200                                      # com.sarthak.stepdefinitions.EcommerceAPISteps.the_response_status_code_should_be(java.lang.String,java.lang.Integer)
  ✔ And the "getOrderResponse" response body should contain "message" as "ecomm.get.order.response.msg" # com.sarthak.stepdefinitions.EcommerceAPISteps.the_response_body_should_contain_as(java.lang.String,java.lang.String,java.lang.String)
Running cleanup after: TC06 - Verify order is persisted correctly after creation
/api/ecom/product/delete-product/{productId}
]]></system-out>
  </testcase>
  <testcase name="TC07 - Verify user can delete an existing order" classname="E-Commerce API - CRUD Operations" time="0.759">
    <system-out><![CDATA[
@ECommerceAPI @Regression @DeleteOrder @TC07
Scenario: TC07 - Verify user can delete an existing order                                                     # src/test/resources/features/EcommerceAPI.feature:116
  ✔ Given I have a valid login request payload                                                                # com.sarthak.stepdefinitions.EcommerceAPISteps.i_have_a_valid_login_request_payload()
/api/ecom/auth/login
  ✔ When I send a "POST" request to endpoint with "LoginAPI"                                                  # com.sarthak.stepdefinitions.EcommerceAPISteps.i_send_a_request_to_endpoint_with(java.lang.String,java.lang.String)
  ✔ And I store the "token" from the "loginResponse" response                                                 # com.sarthak.stepdefinitions.EcommerceAPISteps.i_store_the_from_the_response(java.lang.String,java.lang.String)
  ✔ Given I have a valid add product request payload                                                          # com.sarthak.stepdefinitions.EcommerceAPISteps.i_have_a_valid_add_product_request_payload()
/api/ecom/product/add-product
  ✔ When I send a "POST" request to endpoint with "AddProductAPI"                                             # com.sarthak.stepdefinitions.EcommerceAPISteps.i_send_a_request_to_endpoint_with(java.lang.String,java.lang.String)
  ✔ And I store the "productId" from the "addProductResponse" response                                        # com.sarthak.stepdefinitions.EcommerceAPISteps.i_store_the_from_the_response(java.lang.String,java.lang.String)
  ✔ Given I have a valid create order request payload                                                         # com.sarthak.stepdefinitions.EcommerceAPISteps.i_have_a_valid_create_order_request_payload()
/api/ecom/order/create-order
  ✔ When I send a "POST" request to endpoint with "CreateOrderAPI"                                            # com.sarthak.stepdefinitions.EcommerceAPISteps.i_send_a_request_to_endpoint_with(java.lang.String,java.lang.String)
  ✔ Then the "createOrderResponse" response status code should be 201                                         # com.sarthak.stepdefinitions.EcommerceAPISteps.the_response_status_code_should_be(java.lang.String,java.lang.Integer)
  ✔ And I store the "orders[0]" from the "createOrderResponse" response                                       # com.sarthak.stepdefinitions.EcommerceAPISteps.i_store_the_from_the_response(java.lang.String,java.lang.String)
  ✔ Given I have a valid delete order request payload                                                         # com.sarthak.stepdefinitions.EcommerceAPISteps.i_have_a_valid_delete_order_request_payload()
/api/ecom/order/delete-order/{orderId}
  ✔ When I send a "DELETE" request to endpoint with "DeleteOrderAPI"                                          # com.sarthak.stepdefinitions.EcommerceAPISteps.i_send_a_request_to_endpoint_with(java.lang.String,java.lang.String)
  ✔ Then the "deleteOrderResponse" response status code should be 200                                         # com.sarthak.stepdefinitions.EcommerceAPISteps.the_response_status_code_should_be(java.lang.String,java.lang.Integer)
  ✔ And the "deleteOrderResponse" response body should contain "message" as "ecomm.delete.order.response.msg" # com.sarthak.stepdefinitions.EcommerceAPISteps.the_response_body_should_contain_as(java.lang.String,java.lang.String,java.lang.String)
Running cleanup after: TC07 - Verify user can delete an existing order
/api/ecom/product/delete-product/{productId}
]]></system-out>
  </testcase>
  <testcase name="TC08 - Verify user can delete an existing product" classname="E-Commerce API - CRUD Operations" time="0.478">
    <system-out><![CDATA[
@ECommerceAPI @Regression @DeleteProduct @TC08
Scenario: TC08 - Verify user can delete an existing product                                                       # src/test/resources/features/EcommerceAPI.feature:136
  ✔ Given I have a valid login request payload                                                                    # com.sarthak.stepdefinitions.EcommerceAPISteps.i_have_a_valid_login_request_payload()
/api/ecom/auth/login
  ✔ When I send a "POST" request to endpoint with "LoginAPI"                                                      # com.sarthak.stepdefinitions.EcommerceAPISteps.i_send_a_request_to_endpoint_with(java.lang.String,java.lang.String)
  ✔ And I store the "token" from the "loginResponse" response                                                     # com.sarthak.stepdefinitions.EcommerceAPISteps.i_store_the_from_the_response(java.lang.String,java.lang.String)
  ✔ Given I have a valid add product request payload                                                              # com.sarthak.stepdefinitions.EcommerceAPISteps.i_have_a_valid_add_product_request_payload()
/api/ecom/product/add-product
  ✔ When I send a "POST" request to endpoint with "AddProductAPI"                                                 # com.sarthak.stepdefinitions.EcommerceAPISteps.i_send_a_request_to_endpoint_with(java.lang.String,java.lang.String)
  ✔ And I store the "productId" from the "addProductResponse" response                                            # com.sarthak.stepdefinitions.EcommerceAPISteps.i_store_the_from_the_response(java.lang.String,java.lang.String)
  ✔ Given I have a valid delete product request payload                                                           # com.sarthak.stepdefinitions.EcommerceAPISteps.i_have_a_valid_delete_product_request_payload()
/api/ecom/product/delete-product/{productId}
  ✔ When I send a "DELETE" request to endpoint with "DeleteProductAPI"                                            # com.sarthak.stepdefinitions.EcommerceAPISteps.i_send_a_request_to_endpoint_with(java.lang.String,java.lang.String)
  ✔ Then the "deleteProductResponse" response status code should be 200                                           # com.sarthak.stepdefinitions.EcommerceAPISteps.the_response_status_code_should_be(java.lang.String,java.lang.Integer)
  ✔ And the "deleteProductResponse" response body should contain "message" as "ecomm.delete.product.resposne.msg" # com.sarthak.stepdefinitions.EcommerceAPISteps.the_response_body_should_contain_as(java.lang.String,java.lang.String,java.lang.String)
]]></system-out>
  </testcase>
</testsuite>